<?xml version="1.0" encoding="UTF-8"?>
<testng-results ignored="0" total="1" passed="1" failed="0" skipped="0">
  <reporter-output>
  </reporter-output>
  <suite started-at="2023-01-23T00:08:10 IST" name="Default suite" finished-at="2023-01-23T00:08:23 IST" duration-ms="12713">
    <groups>
      <group name="cucumber">
        <method signature="AbstractTestNGCucumberTests.runScenario(io.cucumber.testng.PickleWrapper,io.cucumber.testng.FeatureWrapper)[pri:0, instance:in.medicare.testscripts.TestRunner@1d2adfbe]" name="runScenario" class="io.cucumber.testng.AbstractTestNGCucumberTests"/>
      </group> <!-- cucumber -->
    </groups>
    <test started-at="2023-01-23T00:08:10 IST" name="Default test" finished-at="2023-01-23T00:08:23 IST" duration-ms="12713">
      <class name="in.medicare.testscripts.TestRunner">
        <test-method is-config="true" signature="setUpClass(org.testng.ITestContext)[pri:0, instance:in.medicare.testscripts.TestRunner@1d2adfbe]" started-at="2023-01-23T00:08:10 IST" name="setUpClass" finished-at="2023-01-23T00:08:10 IST" duration-ms="222" status="PASS">
          <params>
            <param index="0">
              <value>
                <![CDATA[org.testng.TestRunner@1702830d]]>
              </value>
            </param>
          </params>
          <reporter-output>
          </reporter-output>
        </test-method> <!-- setUpClass -->
        <test-method signature="runScenario(io.cucumber.testng.PickleWrapper,io.cucumber.testng.FeatureWrapper)[pri:0, instance:in.medicare.testscripts.TestRunner@1d2adfbe]" started-at="2023-01-23T00:08:10 IST" name="runScenario" description="Runs Cucumber Scenarios" data-provider="scenarios" finished-at="2023-01-23T00:08:23 IST" duration-ms="12430" status="PASS">
          <params>
            <param index="0">
              <value>
                <![CDATA["A user should add the product as a admin"]]>
              </value>
            </param>
            <param index="1">
              <value>
                <![CDATA["Unknown"]]>
              </value>
            </param>
          </params>
          <reporter-output>
          </reporter-output>
        </test-method> <!-- runScenario -->
        <test-method is-config="true" signature="tearDownClass()[pri:0, instance:in.medicare.testscripts.TestRunner@1d2adfbe]" started-at="2023-01-23T00:08:23 IST" name="tearDownClass" finished-at="2023-01-23T00:08:23 IST" duration-ms="20" status="PASS">
          <reporter-output>
          </reporter-output>
        </test-method> <!-- tearDownClass -->
      </class> <!-- in.medicare.testscripts.TestRunner -->
    </test> <!-- Default test -->
  </suite> <!-- Default suite -->
</testng-results>
