<?xml version="1.0" encoding="UTF-8"?>
<!-- Generated by org.testng.reporters.JUnitXMLReporter -->
<testsuite ignored="0" hostname="LAPTOP-LEEKOTLG" failures="1" tests="1" name="Test" time="16.319" errors="0" timestamp="2023-01-22T23:52:57 IST">
  <testcase classname="io.cucumber.testng.AbstractTestNGCucumberTests" name="runScenario" time="16.034">
    <failure type="java.lang.NullPointerException" message="Cannot invoke &amp;quot;org.openqa.selenium.support.ui.Select.selectByVisibleText(String)&amp;quot; because &amp;quot;this.cats&amp;quot; is null">
      <![CDATA[java.lang.NullPointerException: Cannot invoke "org.openqa.selenium.support.ui.Select.selectByVisibleText(String)" because "this.cats" is null
at in.medicare.Pages.ProductPage.Catagory1(ProductPage.java:83)
at in.medicare.testscripts.BuyApillSteps.he_adds_the_product_and_save(BuyApillSteps.java:110)
at ✽.he adds the product and save(file:///C:/Users/User/eclipse-workspace/Capestone/Features/buy_pill_steps.feature:19)
]]>
    </failure>
  </testcase> <!-- runScenario -->
</testsuite> <!-- Test -->
